### [bt 2017-07-11 07:22:14]: This is batchtools v0.9.3
### [bt 2017-07-11 07:22:14]: Starting calculation of 1 jobs
### [bt 2017-07-11 07:22:14]: Setting working directory to '/Users/Fabs/Dropbox/ProyectosDS/PNLP'
### [bt 2017-07-11 07:22:14]: Memory measurement enabled
### [bt 2017-07-11 07:22:14]: Starting job [batchtools job.id=159]
Generating problem instance for problem 'df' ...
Applying algorithm 'classif.nnet' on problem 'df' ...
# weights:  85
initial  value 83072.384878 
iter  10 value 62122.407791
iter  20 value 59324.100126
iter  30 value 58538.040127
iter  40 value 57550.623044
iter  50 value 56677.126455
iter  60 value 55929.830183
iter  70 value 55272.416477
iter  80 value 55060.774750
iter  90 value 54905.377654
iter 100 value 54707.120497
final  value 54707.120497 
stopped after 100 iterations

### [bt 2017-07-11 07:22:45]: Job terminated successfully [batchtools job.id=159]
### [bt 2017-07-11 07:22:45]: Calculation finished!
