### [bt 2017-07-11 07:21:10]: This is batchtools v0.9.3
### [bt 2017-07-11 07:21:10]: Starting calculation of 1 jobs
### [bt 2017-07-11 07:21:10]: Setting working directory to '/Users/Fabs/Dropbox/ProyectosDS/PNLP'
### [bt 2017-07-11 07:21:10]: Memory measurement enabled
### [bt 2017-07-11 07:21:10]: Starting job [batchtools job.id=153]
Generating problem instance for problem 'df' ...
Applying algorithm 'classif.nnet' on problem 'df' ...
# weights:  85
initial  value 70098.924770 
iter  10 value 58194.066316
iter  20 value 56814.280613
iter  30 value 56459.660055
iter  40 value 56086.577519
iter  50 value 55849.916542
iter  60 value 55514.584681
iter  70 value 55193.290209
iter  80 value 54899.913825
iter  90 value 54616.732142
iter 100 value 54440.865907
final  value 54440.865907 
stopped after 100 iterations

### [bt 2017-07-11 07:21:42]: Job terminated successfully [batchtools job.id=153]
### [bt 2017-07-11 07:21:43]: Calculation finished!
