### [bt 2017-07-11 07:21:44]: This is batchtools v0.9.3
### [bt 2017-07-11 07:21:44]: Starting calculation of 1 jobs
### [bt 2017-07-11 07:21:44]: Setting working directory to '/Users/Fabs/Dropbox/ProyectosDS/PNLP'
### [bt 2017-07-11 07:21:44]: Memory measurement enabled
### [bt 2017-07-11 07:21:44]: Starting job [batchtools job.id=156]
Generating problem instance for problem 'df' ...
Applying algorithm 'classif.nnet' on problem 'df' ...
# weights:  85
initial  value 92283.784539 
iter  10 value 59823.028713
iter  20 value 58422.433022
iter  30 value 57895.579746
iter  40 value 57612.514208
iter  50 value 57398.344427
iter  60 value 56719.805508
iter  70 value 56058.752653
iter  80 value 55667.330264
iter  90 value 55472.932324
iter 100 value 55415.058657
final  value 55415.058657 
stopped after 100 iterations

### [bt 2017-07-11 07:22:13]: Job terminated successfully [batchtools job.id=156]
### [bt 2017-07-11 07:22:13]: Calculation finished!
