### [bt 2017-07-11 07:21:18]: This is batchtools v0.9.3
### [bt 2017-07-11 07:21:18]: Starting calculation of 1 jobs
### [bt 2017-07-11 07:21:18]: Setting working directory to '/Users/Fabs/Dropbox/ProyectosDS/PNLP'
### [bt 2017-07-11 07:21:18]: Memory measurement enabled
### [bt 2017-07-11 07:21:18]: Starting job [batchtools job.id=154]
Generating problem instance for problem 'df' ...
Applying algorithm 'classif.nnet' on problem 'df' ...
# weights:  85
initial  value 77809.317535 
iter  10 value 60868.052392
iter  20 value 59417.761840
iter  30 value 58558.708833
iter  40 value 57948.854441
iter  50 value 56775.175785
iter  60 value 56148.139883
iter  70 value 55624.003157
iter  80 value 54910.299050
iter  90 value 54586.230437
iter 100 value 54447.832606
final  value 54447.832606 
stopped after 100 iterations

### [bt 2017-07-11 07:21:54]: Job terminated successfully [batchtools job.id=154]
### [bt 2017-07-11 07:21:55]: Calculation finished!
