### [bt 2017-07-11 07:20:46]: This is batchtools v0.9.3
### [bt 2017-07-11 07:20:46]: Starting calculation of 1 jobs
### [bt 2017-07-11 07:20:46]: Setting working directory to '/Users/Fabs/Dropbox/ProyectosDS/PNLP'
### [bt 2017-07-11 07:20:46]: Memory measurement enabled
### [bt 2017-07-11 07:20:46]: Starting job [batchtools job.id=152]
Generating problem instance for problem 'df' ...
Applying algorithm 'classif.nnet' on problem 'df' ...
# weights:  85
initial  value 105153.680245 
iter  10 value 60862.062446
iter  20 value 59297.923457
iter  30 value 58038.813718
iter  40 value 57404.835137
iter  50 value 56858.626518
iter  60 value 56552.228872
iter  70 value 56133.107340
iter  80 value 55907.441448
iter  90 value 55777.456470
iter 100 value 55664.439911
final  value 55664.439911 
stopped after 100 iterations

### [bt 2017-07-11 07:21:17]: Job terminated successfully [batchtools job.id=152]
### [bt 2017-07-11 07:21:17]: Calculation finished!
