### [bt 2017-07-11 07:22:06]: This is batchtools v0.9.3
### [bt 2017-07-11 07:22:06]: Starting calculation of 1 jobs
### [bt 2017-07-11 07:22:06]: Setting working directory to '/Users/Fabs/Dropbox/ProyectosDS/PNLP'
### [bt 2017-07-11 07:22:06]: Memory measurement enabled
### [bt 2017-07-11 07:22:06]: Starting job [batchtools job.id=158]
Generating problem instance for problem 'df' ...
Applying algorithm 'classif.nnet' on problem 'df' ...
# weights:  85
initial  value 85117.007027 
iter  10 value 60645.207673
iter  20 value 59620.354844
iter  30 value 59096.687108
iter  40 value 57553.960737
iter  50 value 56720.846738
iter  60 value 55986.176839
iter  70 value 55716.600574
iter  80 value 55597.020471
iter  90 value 55232.456137
iter 100 value 54916.051800
final  value 54916.051800 
stopped after 100 iterations

### [bt 2017-07-11 07:22:39]: Job terminated successfully [batchtools job.id=158]
### [bt 2017-07-11 07:22:39]: Calculation finished!
