### [bt 2017-07-11 07:27:44]: This is batchtools v0.9.3
### [bt 2017-07-11 07:27:44]: Starting calculation of 1 jobs
### [bt 2017-07-11 07:27:44]: Setting working directory to '/Users/Fabs/Dropbox/ProyectosDS/PNLP'
### [bt 2017-07-11 07:27:44]: Memory measurement enabled
### [bt 2017-07-11 07:27:44]: Starting job [batchtools job.id=170]
Generating problem instance for problem 'df' ...
Applying algorithm 'classif.gamboost' on problem 'df' ...
Loading required package: mboost
Loading required package: stabs

Attaching package: ‘stabs’

The following object is masked from ‘package:mlr’:

    subsample

This is mboost 2.8-0. See ‘package?mboost’ and ‘news(package  = "mboost")’
for a complete list of changes.


Attaching package: ‘mboost’

The following object is masked from ‘package:ggplot2’:

    %+%

The following object is masked from ‘package:tidyr’:

    extract

The following object is masked from ‘package:magrittr’:

    extract


### [bt 2017-07-11 07:29:46]: Job terminated successfully [batchtools job.id=170]
### [bt 2017-07-11 07:29:46]: Calculation finished!
