### [bt 2017-07-11 07:21:34]: This is batchtools v0.9.3
### [bt 2017-07-11 07:21:34]: Starting calculation of 1 jobs
### [bt 2017-07-11 07:21:34]: Setting working directory to '/Users/Fabs/Dropbox/ProyectosDS/PNLP'
### [bt 2017-07-11 07:21:34]: Memory measurement enabled
### [bt 2017-07-11 07:21:34]: Starting job [batchtools job.id=155]
Generating problem instance for problem 'df' ...
Applying algorithm 'classif.nnet' on problem 'df' ...
# weights:  85
initial  value 72947.301712 
iter  10 value 59219.950079
iter  20 value 57407.882234
iter  30 value 56817.007655
iter  40 value 56361.456911
iter  50 value 56157.111684
iter  60 value 55876.475416
iter  70 value 55489.202816
iter  80 value 55318.757859
iter  90 value 55214.354079
iter 100 value 55064.191691
final  value 55064.191691 
stopped after 100 iterations

### [bt 2017-07-11 07:22:04]: Job terminated successfully [batchtools job.id=155]
### [bt 2017-07-11 07:22:05]: Calculation finished!
