### [bt 2017-07-11 07:21:55]: This is batchtools v0.9.3
### [bt 2017-07-11 07:21:55]: Starting calculation of 1 jobs
### [bt 2017-07-11 07:21:55]: Setting working directory to '/Users/Fabs/Dropbox/ProyectosDS/PNLP'
### [bt 2017-07-11 07:21:55]: Memory measurement enabled
### [bt 2017-07-11 07:21:55]: Starting job [batchtools job.id=157]
Generating problem instance for problem 'df' ...
Applying algorithm 'classif.nnet' on problem 'df' ...
# weights:  85
initial  value 91056.802708 
iter  10 value 65183.422427
iter  20 value 63391.639419
iter  30 value 62046.020891
iter  40 value 60798.570136
iter  50 value 59143.623059
iter  60 value 57518.026107
iter  70 value 56264.082464
iter  80 value 55675.752596
iter  90 value 55321.356785
iter 100 value 55104.975963
final  value 55104.975963 
stopped after 100 iterations

### [bt 2017-07-11 07:22:30]: Job terminated successfully [batchtools job.id=157]
### [bt 2017-07-11 07:22:31]: Calculation finished!
